2021-06-09 17:48:43,349 DEBUG [main] cache:45 - Couldn't find template in cache for "spark/spark.spa.ftl"("en_US", UTF-8, parsed); will try to load it.
2021-06-09 17:48:43,352 DEBUG [main] cache:45 - TemplateLoader.findTemplateSource("spark/spark.spa_en_US.ftl"): Not found
2021-06-09 17:48:43,353 DEBUG [main] cache:45 - TemplateLoader.findTemplateSource("spark/spark.spa_en.ftl"): Not found
2021-06-09 17:48:43,355 DEBUG [main] cache:45 - TemplateLoader.findTemplateSource("spark/spark.spa.ftl"): Found
2021-06-09 17:48:43,356 DEBUG [main] cache:45 - Loading template for "spark/spark.spa.ftl"("en_US", UTF-8, parsed) from "jar:file:/C:/Users/samsung/.m2/repository/com/aventstack/extentreports/5.0.5/extentreports-5.0.5.jar!/com/aventstack/extentreports/templates/spark/spark.spa.ftl"
2021-06-09 17:48:43,416 DEBUG [main] cache:45 - Couldn't find template in cache for "commons/commons-variables.ftl"("en_US", UTF-8, parsed); will try to load it.
2021-06-09 17:48:43,417 DEBUG [main] cache:45 - TemplateLoader.findTemplateSource("commons/commons-variables_en_US.ftl"): Not found
2021-06-09 17:48:43,417 DEBUG [main] cache:45 - TemplateLoader.findTemplateSource("commons/commons-variables_en.ftl"): Not found
2021-06-09 17:48:43,418 DEBUG [main] cache:45 - TemplateLoader.findTemplateSource("commons/commons-variables.ftl"): Found
2021-06-09 17:48:43,418 DEBUG [main] cache:45 - Loading template for "commons/commons-variables.ftl"("en_US", UTF-8, parsed) from "jar:file:/C:/Users/samsung/.m2/repository/com/aventstack/extentreports/5.0.5/extentreports-5.0.5.jar!/com/aventstack/extentreports/templates/commons/commons-variables.ftl"
2021-06-09 17:48:43,506 DEBUG [main] cache:45 - Couldn't find template in cache for "commons/commons-macros.ftl"("en_US", UTF-8, parsed); will try to load it.
2021-06-09 17:48:43,507 DEBUG [main] cache:45 - TemplateLoader.findTemplateSource("commons/commons-macros_en_US.ftl"): Not found
2021-06-09 17:48:43,507 DEBUG [main] cache:45 - TemplateLoader.findTemplateSource("commons/commons-macros_en.ftl"): Not found
2021-06-09 17:48:43,508 DEBUG [main] cache:45 - TemplateLoader.findTemplateSource("commons/commons-macros.ftl"): Found
2021-06-09 17:48:43,508 DEBUG [main] cache:45 - Loading template for "commons/commons-macros.ftl"("en_US", UTF-8, parsed) from "jar:file:/C:/Users/samsung/.m2/repository/com/aventstack/extentreports/5.0.5/extentreports-5.0.5.jar!/com/aventstack/extentreports/templates/commons/commons-macros.ftl"
2021-06-09 17:48:43,519 DEBUG [main] cache:45 - Couldn't find template in cache for "spark/macros/attributes.ftl"("en_US", UTF-8, parsed); will try to load it.
2021-06-09 17:48:43,520 DEBUG [main] cache:45 - TemplateLoader.findTemplateSource("spark/macros/attributes_en_US.ftl"): Not found
2021-06-09 17:48:43,521 DEBUG [main] cache:45 - TemplateLoader.findTemplateSource("spark/macros/attributes_en.ftl"): Not found
2021-06-09 17:48:43,521 DEBUG [main] cache:45 - TemplateLoader.findTemplateSource("spark/macros/attributes.ftl"): Found
2021-06-09 17:48:43,521 DEBUG [main] cache:45 - Loading template for "spark/macros/attributes.ftl"("en_US", UTF-8, parsed) from "jar:file:/C:/Users/samsung/.m2/repository/com/aventstack/extentreports/5.0.5/extentreports-5.0.5.jar!/com/aventstack/extentreports/templates/spark/macros/attributes.ftl"
2021-06-09 17:48:43,523 DEBUG [main] cache:45 - Couldn't find template in cache for "spark/macros/log.ftl"("en_US", UTF-8, parsed); will try to load it.
2021-06-09 17:48:43,524 DEBUG [main] cache:45 - TemplateLoader.findTemplateSource("spark/macros/log_en_US.ftl"): Not found
2021-06-09 17:48:43,524 DEBUG [main] cache:45 - TemplateLoader.findTemplateSource("spark/macros/log_en.ftl"): Not found
2021-06-09 17:48:43,525 DEBUG [main] cache:45 - TemplateLoader.findTemplateSource("spark/macros/log.ftl"): Found
2021-06-09 17:48:43,525 DEBUG [main] cache:45 - Loading template for "spark/macros/log.ftl"("en_US", UTF-8, parsed) from "jar:file:/C:/Users/samsung/.m2/repository/com/aventstack/extentreports/5.0.5/extentreports-5.0.5.jar!/com/aventstack/extentreports/templates/spark/macros/log.ftl"
2021-06-09 17:48:43,527 DEBUG [main] cache:45 - Couldn't find template in cache for "spark/macros/recurse_nodes.ftl"("en_US", UTF-8, parsed); will try to load it.
2021-06-09 17:48:43,528 DEBUG [main] cache:45 - TemplateLoader.findTemplateSource("spark/macros/recurse_nodes_en_US.ftl"): Not found
2021-06-09 17:48:43,529 DEBUG [main] cache:45 - TemplateLoader.findTemplateSource("spark/macros/recurse_nodes_en.ftl"): Not found
2021-06-09 17:48:43,529 DEBUG [main] cache:45 - TemplateLoader.findTemplateSource("spark/macros/recurse_nodes.ftl"): Found
2021-06-09 17:48:43,529 DEBUG [main] cache:45 - Loading template for "spark/macros/recurse_nodes.ftl"("en_US", UTF-8, parsed) from "jar:file:/C:/Users/samsung/.m2/repository/com/aventstack/extentreports/5.0.5/extentreports-5.0.5.jar!/com/aventstack/extentreports/templates/spark/macros/recurse_nodes.ftl"
2021-06-09 17:48:43,533 DEBUG [main] cache:45 - "spark/macros/log.ftl"("en_US", UTF-8, parsed) cached copy not yet stale; using cached.
2021-06-09 17:48:43,534 DEBUG [main] cache:45 - Couldn't find template in cache for "spark/macros/attr-common.ftl"("en_US", UTF-8, parsed); will try to load it.
2021-06-09 17:48:43,535 DEBUG [main] cache:45 - TemplateLoader.findTemplateSource("spark/macros/attr-common_en_US.ftl"): Not found
2021-06-09 17:48:43,535 DEBUG [main] cache:45 - TemplateLoader.findTemplateSource("spark/macros/attr-common_en.ftl"): Not found
2021-06-09 17:48:43,536 DEBUG [main] cache:45 - TemplateLoader.findTemplateSource("spark/macros/attr-common.ftl"): Found
2021-06-09 17:48:43,536 DEBUG [main] cache:45 - Loading template for "spark/macros/attr-common.ftl"("en_US", UTF-8, parsed) from "jar:file:/C:/Users/samsung/.m2/repository/com/aventstack/extentreports/5.0.5/extentreports-5.0.5.jar!/com/aventstack/extentreports/templates/spark/macros/attr-common.ftl"
2021-06-09 17:48:43,543 DEBUG [main] cache:45 - Couldn't find template in cache for "spark/partials/head.ftl"("en_US", UTF-8, parsed); will try to load it.
2021-06-09 17:48:43,544 DEBUG [main] cache:45 - TemplateLoader.findTemplateSource("spark/partials/head_en_US.ftl"): Not found
2021-06-09 17:48:43,544 DEBUG [main] cache:45 - TemplateLoader.findTemplateSource("spark/partials/head_en.ftl"): Not found
2021-06-09 17:48:43,545 DEBUG [main] cache:45 - TemplateLoader.findTemplateSource("spark/partials/head.ftl"): Found
2021-06-09 17:48:43,545 DEBUG [main] cache:45 - Loading template for "spark/partials/head.ftl"("en_US", UTF-8, parsed) from "jar:file:/C:/Users/samsung/.m2/repository/com/aventstack/extentreports/5.0.5/extentreports-5.0.5.jar!/com/aventstack/extentreports/templates/spark/partials/head.ftl"
2021-06-09 17:48:43,549 DEBUG [main] cache:45 - Couldn't find template in cache for "commons/commons-inject-css.ftl"("en_US", UTF-8, parsed); will try to load it.
2021-06-09 17:48:43,549 DEBUG [main] cache:45 - TemplateLoader.findTemplateSource("commons/commons-inject-css_en_US.ftl"): Not found
2021-06-09 17:48:43,550 DEBUG [main] cache:45 - TemplateLoader.findTemplateSource("commons/commons-inject-css_en.ftl"): Not found
2021-06-09 17:48:43,550 DEBUG [main] cache:45 - TemplateLoader.findTemplateSource("commons/commons-inject-css.ftl"): Found
2021-06-09 17:48:43,551 DEBUG [main] cache:45 - Loading template for "commons/commons-inject-css.ftl"("en_US", UTF-8, parsed) from "jar:file:/C:/Users/samsung/.m2/repository/com/aventstack/extentreports/5.0.5/extentreports-5.0.5.jar!/com/aventstack/extentreports/templates/commons/commons-inject-css.ftl"
2021-06-09 17:48:43,552 DEBUG [main] cache:45 - Couldn't find template in cache for "spark/partials/navbar.ftl"("en_US", UTF-8, parsed); will try to load it.
2021-06-09 17:48:43,552 DEBUG [main] cache:45 - TemplateLoader.findTemplateSource("spark/partials/navbar_en_US.ftl"): Not found
2021-06-09 17:48:43,553 DEBUG [main] cache:45 - TemplateLoader.findTemplateSource("spark/partials/navbar_en.ftl"): Not found
2021-06-09 17:48:43,553 DEBUG [main] cache:45 - TemplateLoader.findTemplateSource("spark/partials/navbar.ftl"): Found
2021-06-09 17:48:43,553 DEBUG [main] cache:45 - Loading template for "spark/partials/navbar.ftl"("en_US", UTF-8, parsed) from "jar:file:/C:/Users/samsung/.m2/repository/com/aventstack/extentreports/5.0.5/extentreports-5.0.5.jar!/com/aventstack/extentreports/templates/spark/partials/navbar.ftl"
2021-06-09 17:48:43,560 DEBUG [main] cache:45 - Couldn't find template in cache for "spark/partials/sidenav.ftl"("en_US", UTF-8, parsed); will try to load it.
2021-06-09 17:48:43,560 DEBUG [main] cache:45 - TemplateLoader.findTemplateSource("spark/partials/sidenav_en_US.ftl"): Not found
2021-06-09 17:48:43,561 DEBUG [main] cache:45 - TemplateLoader.findTemplateSource("spark/partials/sidenav_en.ftl"): Not found
2021-06-09 17:48:43,561 DEBUG [main] cache:45 - TemplateLoader.findTemplateSource("spark/partials/sidenav.ftl"): Found
2021-06-09 17:48:43,561 DEBUG [main] cache:45 - Loading template for "spark/partials/sidenav.ftl"("en_US", UTF-8, parsed) from "jar:file:/C:/Users/samsung/.m2/repository/com/aventstack/extentreports/5.0.5/extentreports-5.0.5.jar!/com/aventstack/extentreports/templates/spark/partials/sidenav.ftl"
2021-06-09 17:48:43,573 DEBUG [main] cache:45 - Couldn't find template in cache for "spark/partials/dashboard.ftl"("en_US", UTF-8, parsed); will try to load it.
2021-06-09 17:48:43,574 DEBUG [main] cache:45 - TemplateLoader.findTemplateSource("spark/partials/dashboard_en_US.ftl"): Not found
2021-06-09 17:48:43,574 DEBUG [main] cache:45 - TemplateLoader.findTemplateSource("spark/partials/dashboard_en.ftl"): Not found
2021-06-09 17:48:43,575 DEBUG [main] cache:45 - TemplateLoader.findTemplateSource("spark/partials/dashboard.ftl"): Found
2021-06-09 17:48:43,575 DEBUG [main] cache:45 - Loading template for "spark/partials/dashboard.ftl"("en_US", UTF-8, parsed) from "jar:file:/C:/Users/samsung/.m2/repository/com/aventstack/extentreports/5.0.5/extentreports-5.0.5.jar!/com/aventstack/extentreports/templates/spark/partials/dashboard.ftl"
2021-06-09 17:48:43,624 DEBUG [main] cache:45 - Couldn't find template in cache for "spark/partials/test.ftl"("en_US", UTF-8, parsed); will try to load it.
2021-06-09 17:48:43,625 DEBUG [main] cache:45 - TemplateLoader.findTemplateSource("spark/partials/test_en_US.ftl"): Not found
2021-06-09 17:48:43,626 DEBUG [main] cache:45 - TemplateLoader.findTemplateSource("spark/partials/test_en.ftl"): Not found
2021-06-09 17:48:43,626 DEBUG [main] cache:45 - TemplateLoader.findTemplateSource("spark/partials/test.ftl"): Found
2021-06-09 17:48:43,626 DEBUG [main] cache:45 - Loading template for "spark/partials/test.ftl"("en_US", UTF-8, parsed) from "jar:file:/C:/Users/samsung/.m2/repository/com/aventstack/extentreports/5.0.5/extentreports-5.0.5.jar!/com/aventstack/extentreports/templates/spark/partials/test.ftl"
2021-06-09 17:48:43,635 DEBUG [main] cache:45 - Couldn't find template in cache for "spark/partials/bdd-content.ftl"("en_US", UTF-8, parsed); will try to load it.
2021-06-09 17:48:43,636 DEBUG [main] cache:45 - TemplateLoader.findTemplateSource("spark/partials/bdd-content_en_US.ftl"): Not found
2021-06-09 17:48:43,637 DEBUG [main] cache:45 - TemplateLoader.findTemplateSource("spark/partials/bdd-content_en.ftl"): Not found
2021-06-09 17:48:43,637 DEBUG [main] cache:45 - TemplateLoader.findTemplateSource("spark/partials/bdd-content.ftl"): Found
2021-06-09 17:48:43,637 DEBUG [main] cache:45 - Loading template for "spark/partials/bdd-content.ftl"("en_US", UTF-8, parsed) from "jar:file:/C:/Users/samsung/.m2/repository/com/aventstack/extentreports/5.0.5/extentreports-5.0.5.jar!/com/aventstack/extentreports/templates/spark/partials/bdd-content.ftl"
2021-06-09 17:48:43,680 DEBUG [main] cache:45 - Couldn't find template in cache for "spark/partials/category.ftl"("en_US", UTF-8, parsed); will try to load it.
2021-06-09 17:48:43,681 DEBUG [main] cache:45 - TemplateLoader.findTemplateSource("spark/partials/category_en_US.ftl"): Not found
2021-06-09 17:48:43,682 DEBUG [main] cache:45 - TemplateLoader.findTemplateSource("spark/partials/category_en.ftl"): Not found
2021-06-09 17:48:43,683 DEBUG [main] cache:45 - TemplateLoader.findTemplateSource("spark/partials/category.ftl"): Found
2021-06-09 17:48:43,683 DEBUG [main] cache:45 - Loading template for "spark/partials/category.ftl"("en_US", UTF-8, parsed) from "jar:file:/C:/Users/samsung/.m2/repository/com/aventstack/extentreports/5.0.5/extentreports-5.0.5.jar!/com/aventstack/extentreports/templates/spark/partials/category.ftl"
2021-06-09 17:48:43,694 DEBUG [main] cache:45 - Couldn't find template in cache for "spark/partials/exception.ftl"("en_US", UTF-8, parsed); will try to load it.
2021-06-09 17:48:43,696 DEBUG [main] cache:45 - TemplateLoader.findTemplateSource("spark/partials/exception_en_US.ftl"): Not found
2021-06-09 17:48:43,697 DEBUG [main] cache:45 - TemplateLoader.findTemplateSource("spark/partials/exception_en.ftl"): Not found
2021-06-09 17:48:43,699 DEBUG [main] cache:45 - TemplateLoader.findTemplateSource("spark/partials/exception.ftl"): Found
2021-06-09 17:48:43,699 DEBUG [main] cache:45 - Loading template for "spark/partials/exception.ftl"("en_US", UTF-8, parsed) from "jar:file:/C:/Users/samsung/.m2/repository/com/aventstack/extentreports/5.0.5/extentreports-5.0.5.jar!/com/aventstack/extentreports/templates/spark/partials/exception.ftl"
2021-06-09 17:48:43,704 DEBUG [main] cache:45 - Couldn't find template in cache for "spark/partials/author.ftl"("en_US", UTF-8, parsed); will try to load it.
2021-06-09 17:48:43,705 DEBUG [main] cache:45 - TemplateLoader.findTemplateSource("spark/partials/author_en_US.ftl"): Not found
2021-06-09 17:48:43,706 DEBUG [main] cache:45 - TemplateLoader.findTemplateSource("spark/partials/author_en.ftl"): Not found
2021-06-09 17:48:43,707 DEBUG [main] cache:45 - TemplateLoader.findTemplateSource("spark/partials/author.ftl"): Found
2021-06-09 17:48:43,707 DEBUG [main] cache:45 - Loading template for "spark/partials/author.ftl"("en_US", UTF-8, parsed) from "jar:file:/C:/Users/samsung/.m2/repository/com/aventstack/extentreports/5.0.5/extentreports-5.0.5.jar!/com/aventstack/extentreports/templates/spark/partials/author.ftl"
2021-06-09 17:48:43,708 DEBUG [main] cache:45 - Couldn't find template in cache for "spark/partials/device.ftl"("en_US", UTF-8, parsed); will try to load it.
2021-06-09 17:48:43,709 DEBUG [main] cache:45 - TemplateLoader.findTemplateSource("spark/partials/device_en_US.ftl"): Not found
2021-06-09 17:48:43,710 DEBUG [main] cache:45 - TemplateLoader.findTemplateSource("spark/partials/device_en.ftl"): Not found
2021-06-09 17:48:43,710 DEBUG [main] cache:45 - TemplateLoader.findTemplateSource("spark/partials/device.ftl"): Found
2021-06-09 17:48:43,710 DEBUG [main] cache:45 - Loading template for "spark/partials/device.ftl"("en_US", UTF-8, parsed) from "jar:file:/C:/Users/samsung/.m2/repository/com/aventstack/extentreports/5.0.5/extentreports-5.0.5.jar!/com/aventstack/extentreports/templates/spark/partials/device.ftl"
2021-06-09 17:48:43,711 DEBUG [main] cache:45 - Couldn't find template in cache for "spark/partials/log.ftl"("en_US", UTF-8, parsed); will try to load it.
2021-06-09 17:48:43,712 DEBUG [main] cache:45 - TemplateLoader.findTemplateSource("spark/partials/log_en_US.ftl"): Not found
2021-06-09 17:48:43,713 DEBUG [main] cache:45 - TemplateLoader.findTemplateSource("spark/partials/log_en.ftl"): Not found
2021-06-09 17:48:43,714 DEBUG [main] cache:45 - TemplateLoader.findTemplateSource("spark/partials/log.ftl"): Found
2021-06-09 17:48:43,714 DEBUG [main] cache:45 - Loading template for "spark/partials/log.ftl"("en_US", UTF-8, parsed) from "jar:file:/C:/Users/samsung/.m2/repository/com/aventstack/extentreports/5.0.5/extentreports-5.0.5.jar!/com/aventstack/extentreports/templates/spark/partials/log.ftl"
2021-06-09 17:48:43,717 DEBUG [main] cache:45 - Couldn't find template in cache for "spark/partials/scripts.ftl"("en_US", UTF-8, parsed); will try to load it.
2021-06-09 17:48:43,718 DEBUG [main] cache:45 - TemplateLoader.findTemplateSource("spark/partials/scripts_en_US.ftl"): Not found
2021-06-09 17:48:43,719 DEBUG [main] cache:45 - TemplateLoader.findTemplateSource("spark/partials/scripts_en.ftl"): Not found
2021-06-09 17:48:43,719 DEBUG [main] cache:45 - TemplateLoader.findTemplateSource("spark/partials/scripts.ftl"): Found
2021-06-09 17:48:43,720 DEBUG [main] cache:45 - Loading template for "spark/partials/scripts.ftl"("en_US", UTF-8, parsed) from "jar:file:/C:/Users/samsung/.m2/repository/com/aventstack/extentreports/5.0.5/extentreports-5.0.5.jar!/com/aventstack/extentreports/templates/spark/partials/scripts.ftl"
2021-06-09 17:48:43,721 DEBUG [main] cache:45 - Couldn't find template in cache for "commons/commons-inject-js.ftl"("en_US", UTF-8, parsed); will try to load it.
2021-06-09 17:48:43,722 DEBUG [main] cache:45 - TemplateLoader.findTemplateSource("commons/commons-inject-js_en_US.ftl"): Not found
2021-06-09 17:48:43,722 DEBUG [main] cache:45 - TemplateLoader.findTemplateSource("commons/commons-inject-js_en.ftl"): Not found
2021-06-09 17:48:43,723 DEBUG [main] cache:45 - TemplateLoader.findTemplateSource("commons/commons-inject-js.ftl"): Found
2021-06-09 17:48:43,723 DEBUG [main] cache:45 - Loading template for "commons/commons-inject-js.ftl"("en_US", UTF-8, parsed) from "jar:file:/C:/Users/samsung/.m2/repository/com/aventstack/extentreports/5.0.5/extentreports-5.0.5.jar!/com/aventstack/extentreports/templates/commons/commons-inject-js.ftl"
